<html xmlns:math="http://exslt.org/math" xmlns:testng="http://testng.org">
   <head>
      <title>TestNG Results</title>
      <meta http-equiv="content-type" content="text/html; charset=utf-8"></meta>
      <meta http-equiv="pragma" content="no-cache"></meta>
      <meta http-equiv="cache-control" content="max-age=0"></meta>
      <meta http-equiv="cache-control" content="no-cache"></meta>
      <meta http-equiv="cache-control" content="no-store"></meta>
      <LINK rel="stylesheet" href="style.css"></LINK>
      <script type="text/javascript" src="main.js"></script>
   </head>
   <body>
      <table width="100%" style="font-size: 16px; margin-bottom: 10px;" cellspacing="1">
         <tr>
            <td width="100%">
               Test case
               
               <b>calling test.CheckoutwithCreateAccount</b>
            </td>
            <td style="background-color: #FFBBBB; padding: 3px 3px 3px 0;" align="center">
               <div style="width: 50px;">0</div>
            </td>
            <td style="background-color: lightgreen; padding: 3px 3px 3px 0;" align="center">
               <div style="width: 50px;">1</div>
            </td>
            <td style="background-color: #FFFFBB; padding: 3px 3px 3px 0;" align="center">
               <div style="width: 50px;">2</div>
            </td>
            <td align="center" style="background-color: #eaf0f7; padding: 3px 3px 3px 0;">
               <div style="width: 50px;">3</div>
            </td>
            <td align="center"
                style="font-weight: bold; background-color: #eaf0f7; padding: 3px 3px 3px 0;">
               <div style="width: 50px;">33%</div>
            </td>
            <td style="background-color: #eaf0f7; padding: 3px 3px 3px 0;" align="center"
                nowrap="true">4m
               15s
               
            </td>
         </tr>
      </table>
      <div style="width: 200px;">
         <label for="groupMethodsCheckBox" style="font-weight: bold; margin: 0;">
            <input id="groupMethodsCheckBox" type="checkbox" onclick="switchTestMethodsView(this)"></input>
            Group by class
            
         </label>
         <br></br>
         <label for="methodsFilter_ALL" style="font-weight: bold; margin: 0;">
            <input id="methodsFilter_ALL" type="checkbox"
                   onclick="testMethodsFilterChanged(this, 'ALL')"></input>
            All
            
         </label>
      </div>
      <label for="methodsFilter_FAIL" style="margin-left: 20px;">
         <input id="methodsFilter_FAIL" type="checkbox"
                onclick="testMethodsFilterChanged(this, 'FAIL')"
                checked=""></input>
         Failed
         
      </label>
      <label for="methodsFilter_PASS">
         <input id="methodsFilter_PASS" type="checkbox"
                onclick="testMethodsFilterChanged(this, 'PASS')"
                checked=""></input>
         Passed
         
      </label>
      <label for="methodsFilter_SKIP">
         <input id="methodsFilter_SKIP" type="checkbox"
                onclick="testMethodsFilterChanged(this, 'SKIP')"
                checked=""></input>
         Skipped
         
      </label>
      <label for="methodsFilter_CONF">
         <input id="methodsFilter_CONF" type="checkbox"
                onclick="testMethodsFilterChanged(this, 'CONF')"></input>
         Config
         
      </label>
      <br></br>
      <div id="testMethodsByStatus">
         <table class="testMethodsTable" cellpadding="0" cellspacing="0">
            <tr class="methodsTableHeader">
               <td width="100%">Name</td>
               <td nowrap="true">Started</td>
               <td nowrap="true">Duration</td>
               <td>Exception</td>
            </tr>
            <tr id="test.CheckoutwithCreateAccount_do_CheckoutwithCreateAccount_byStatus_passed_PASS1_row"
                class="testMethodStatusPASS">
               <td width="100%" class="firstMethodCell">
                  <a onclick="toggleDetailsVisibility('test.CheckoutwithCreateAccount_do_CheckoutwithCreateAccount_byStatus_passed_PASS1_details')">do_CheckoutwithCreateAccount({PID=1114001, Quantity=1, DataRunmode=Y, CCNum=5193700826556160
                     , Result=, DataRow=1, Email=ovc1308190316@qa1.com, CCType=HSN, PrimaryPhoneNumber=7221681373, OrderId=, Browser=Mozilla, SQL_1=CheckoutwithCreateAccount_1,
                     NumberOfFlexPayments=})
                  </a>
               </td>
               <td nowrap="true">15:56:25</td>
               <td nowrap="true" align="right">4m
                  13s
                  
               </td>
               <td nowrap="true">
                   
                  
               </td>
            </tr>
            <tr>
               <td colspan="4" class="detailsBox">
                  <div id="test.CheckoutwithCreateAccount_do_CheckoutwithCreateAccount_byStatus_passed_PASS1_details"
                       class="testMethodDetails">
                     <div>
                        <b>Name: </b>do_CheckoutwithCreateAccount
                     </div>
                     <div>
                        <b>Signature: </b>do_CheckoutwithCreateAccount(java.util.Hashtable)[pri:0, instance:test.CheckoutwithCreateAccount@49f66dc1]
                     </div>
                     <div>
                        <b>Parameters: </b>
                        
                        {PID=1114001, Quantity=1, DataRunmode=Y, CCNum=5193700826556160
                        , Result=, DataRow=1, Email=ovc1308190316@qa1.com, CCType=HSN, PrimaryPhoneNumber=7221681373, OrderId=, Browser=Mozilla, SQL_1=CheckoutwithCreateAccount_1,
                        NumberOfFlexPayments=}
                        
                        
                     </div>
                     <div>
                        <b>Start time: </b>15:56:25
                     </div>
                     <div>
                        <b>End time: </b>16:00:38
                     </div>
                     <div>
                        <b>Duration: </b>4m
                        13s
                        
                     </div>
                  </div>
               </td>
            </tr>
            <tr></tr>
            <tr id="test.CheckoutwithCreateAccount_close_byStatus_passed_PASS2_row"
                class="testMethodStatusPASS testMethodStatusCONF">
               <td width="100%" class="firstMethodCell">
                  <a onclick="toggleDetailsVisibility('test.CheckoutwithCreateAccount_close_byStatus_passed_PASS2_details')">close()</a>
               </td>
               <td nowrap="true">16:00:38</td>
               <td nowrap="true" align="right">0 ms
                  
               </td>
               <td nowrap="true">
                   
                  
               </td>
            </tr>
            <tr>
               <td colspan="4" class="detailsBox">
                  <div id="test.CheckoutwithCreateAccount_close_byStatus_passed_PASS2_details"
                       class="testMethodDetails">
                     <div>
                        <b>Name: </b>close
                     </div>
                     <div>
                        <b>Signature: </b>close()[pri:0, instance:test.CheckoutwithCreateAccount@49f66dc1]
                     </div>
                     <div>
                        <b>Start time: </b>16:00:38
                     </div>
                     <div>
                        <b>End time: </b>16:00:38
                     </div>
                     <div>
                        <b>Duration: </b>0 ms
                        
                     </div>
                  </div>
               </td>
            </tr>
            <tr></tr>
            <tr id="test.CheckoutwithCreateAccount_do_CheckoutwithCreateAccount_byStatus_skiped_SKIP1_row"
                class="testMethodStatusSKIP">
               <td width="100%" class="firstMethodCell">
                  <a onclick="toggleDetailsVisibility('test.CheckoutwithCreateAccount_do_CheckoutwithCreateAccount_byStatus_skiped_SKIP1_details')">do_CheckoutwithCreateAccount({PID=1114001, Quantity=1, DataRunmode=N, CCNum=, Result=, DataRow=2, Email=, CCType=HSN, PrimaryPhoneNumber=,
                     OrderId=, Browser=Chrome, SQL_1=, NumberOfFlexPayments=})
                  </a>
               </td>
               <td nowrap="true">16:00:38</td>
               <td nowrap="true" align="right">50 ms
                  
               </td>
               <td nowrap="true">
                  <a onclick="toggleDetailsVisibility('test.CheckoutwithCreateAccount_do_CheckoutwithCreateAccount_byStatus_skiped_SKIP1_exception')">org.testng.SkipException: 
                     skipping test case row : LaunchSite since the Runmode for test data is N
                     
                  </a>
                   
                  
               </td>
            </tr>
            <tr>
               <td colspan="4" class="detailsBox">
                  <div id="test.CheckoutwithCreateAccount_do_CheckoutwithCreateAccount_byStatus_skiped_SKIP1_details"
                       class="testMethodDetails">
                     <div>
                        <b>Name: </b>do_CheckoutwithCreateAccount
                     </div>
                     <div>
                        <b>Signature: </b>do_CheckoutwithCreateAccount(java.util.Hashtable)[pri:0, instance:test.CheckoutwithCreateAccount@49f66dc1]
                     </div>
                     <div>
                        <b>Parameters: </b>
                        
                        {PID=1114001, Quantity=1, DataRunmode=N, CCNum=, Result=, DataRow=2, Email=, CCType=HSN, PrimaryPhoneNumber=, OrderId=, Browser=Chrome,
                        SQL_1=, NumberOfFlexPayments=}
                        
                        
                     </div>
                     <div>
                        <b>Start time: </b>16:00:38
                     </div>
                     <div>
                        <b>End time: </b>16:00:38
                     </div>
                     <div>
                        <b>Duration: </b>50 ms
                        
                     </div>
                  </div>
               </td>
            </tr>
            <tr>
               <td colspan="4" class="detailsBox">
                  <div id="test.CheckoutwithCreateAccount_do_CheckoutwithCreateAccount_byStatus_skiped_SKIP1_exception"
                       class="testMethodDetails">
                     <pre style="padding: 5px; margin: 0;">org.testng.SkipException: skipping test case row : LaunchSite since the Runmode for test data is N
                        	at com.hsn.util.KeywordExecutor.ExecuteKeywords(KeywordExecutor.java:45)
                        	at test.CheckoutwithCreateAccount.do_CheckoutwithCreateAccount(CheckoutwithCreateAccount.java:42)
                        	at sun.reflect.NativeMethodAccessorImpl.invoke0(Native Method)
                        	at sun.reflect.NativeMethodAccessorImpl.invoke(NativeMethodAccessorImpl.java:57)
                        	at sun.reflect.DelegatingMethodAccessorImpl.invoke(DelegatingMethodAccessorImpl.java:43)
                        	at java.lang.reflect.Method.invoke(Method.java:601)
                        	at org.testng.internal.MethodInvocationHelper.invokeMethod(MethodInvocationHelper.java:80)
                        	at org.testng.internal.Invoker.invokeMethod(Invoker.java:714)
                        	at org.testng.internal.Invoker.invokeTestMethod(Invoker.java:901)
                        	at org.testng.internal.Invoker.invokeTestMethods(Invoker.java:1231)
                        	at org.testng.internal.TestMethodWorker.invokeTestMethods(TestMethodWorker.java:127)
                        	at org.testng.internal.TestMethodWorker.run(TestMethodWorker.java:111)
                        	at org.testng.TestRunner.privateRun(TestRunner.java:767)
                        	at org.testng.TestRunner.run(TestRunner.java:617)
                        	at org.testng.SuiteRunner.runTest(SuiteRunner.java:334)
                        	at org.testng.SuiteRunner.runSequentially(SuiteRunner.java:329)
                        	at org.testng.SuiteRunner.privateRun(SuiteRunner.java:291)
                        	at org.testng.SuiteRunner.run(SuiteRunner.java:240)
                        	at org.testng.SuiteRunnerWorker.runSuite(SuiteRunnerWorker.java:52)
                        	at org.testng.SuiteRunnerWorker.run(SuiteRunnerWorker.java:86)
                        	at org.testng.TestNG.runSuitesSequentially(TestNG.java:1198)
                        	at org.testng.TestNG.runSuitesLocally(TestNG.java:1123)
                        	at org.testng.TestNG.run(TestNG.java:1031)
                        	at org.testng.TestNG.privateMain(TestNG.java:1338)
                        	at org.testng.TestNG.main(TestNG.java:1307)
                     </pre>
                  </div>
               </td>
            </tr>
            <tr id="test.CheckoutwithCreateAccount_do_CheckoutwithCreateAccount_byStatus_skiped_SKIP2_row"
                class="testMethodStatusSKIP">
               <td width="100%" class="firstMethodCell">
                  <a onclick="toggleDetailsVisibility('test.CheckoutwithCreateAccount_do_CheckoutwithCreateAccount_byStatus_skiped_SKIP2_details')">do_CheckoutwithCreateAccount({PID=1114001, Quantity=1, DataRunmode=N, CCNum=, Result=, DataRow=3, Email=, CCType=HSN, PrimaryPhoneNumber=,
                     OrderId=, Browser=IE, SQL_1=, NumberOfFlexPayments=})
                  </a>
               </td>
               <td nowrap="true">16:00:38</td>
               <td nowrap="true" align="right">59 ms
                  
               </td>
               <td nowrap="true">
                  <a onclick="toggleDetailsVisibility('test.CheckoutwithCreateAccount_do_CheckoutwithCreateAccount_byStatus_skiped_SKIP2_exception')">org.testng.SkipException: 
                     skipping test case row : LaunchSite since the Runmode for test data is N
                     
                  </a>
                   
                  
               </td>
            </tr>
            <tr>
               <td colspan="4" class="detailsBox">
                  <div id="test.CheckoutwithCreateAccount_do_CheckoutwithCreateAccount_byStatus_skiped_SKIP2_details"
                       class="testMethodDetails">
                     <div>
                        <b>Name: </b>do_CheckoutwithCreateAccount
                     </div>
                     <div>
                        <b>Signature: </b>do_CheckoutwithCreateAccount(java.util.Hashtable)[pri:0, instance:test.CheckoutwithCreateAccount@49f66dc1]
                     </div>
                     <div>
                        <b>Parameters: </b>
                        
                        {PID=1114001, Quantity=1, DataRunmode=N, CCNum=, Result=, DataRow=3, Email=, CCType=HSN, PrimaryPhoneNumber=, OrderId=, Browser=IE,
                        SQL_1=, NumberOfFlexPayments=}
                        
                        
                     </div>
                     <div>
                        <b>Start time: </b>16:00:38
                     </div>
                     <div>
                        <b>End time: </b>16:00:38
                     </div>
                     <div>
                        <b>Duration: </b>59 ms
                        
                     </div>
                  </div>
               </td>
            </tr>
            <tr>
               <td colspan="4" class="detailsBox">
                  <div id="test.CheckoutwithCreateAccount_do_CheckoutwithCreateAccount_byStatus_skiped_SKIP2_exception"
                       class="testMethodDetails">
                     <pre style="padding: 5px; margin: 0;">org.testng.SkipException: skipping test case row : LaunchSite since the Runmode for test data is N
                        	at com.hsn.util.KeywordExecutor.ExecuteKeywords(KeywordExecutor.java:45)
                        	at test.CheckoutwithCreateAccount.do_CheckoutwithCreateAccount(CheckoutwithCreateAccount.java:42)
                        	at sun.reflect.NativeMethodAccessorImpl.invoke0(Native Method)
                        	at sun.reflect.NativeMethodAccessorImpl.invoke(NativeMethodAccessorImpl.java:57)
                        	at sun.reflect.DelegatingMethodAccessorImpl.invoke(DelegatingMethodAccessorImpl.java:43)
                        	at java.lang.reflect.Method.invoke(Method.java:601)
                        	at org.testng.internal.MethodInvocationHelper.invokeMethod(MethodInvocationHelper.java:80)
                        	at org.testng.internal.Invoker.invokeMethod(Invoker.java:714)
                        	at org.testng.internal.Invoker.invokeTestMethod(Invoker.java:901)
                        	at org.testng.internal.Invoker.invokeTestMethods(Invoker.java:1231)
                        	at org.testng.internal.TestMethodWorker.invokeTestMethods(TestMethodWorker.java:127)
                        	at org.testng.internal.TestMethodWorker.run(TestMethodWorker.java:111)
                        	at org.testng.TestRunner.privateRun(TestRunner.java:767)
                        	at org.testng.TestRunner.run(TestRunner.java:617)
                        	at org.testng.SuiteRunner.runTest(SuiteRunner.java:334)
                        	at org.testng.SuiteRunner.runSequentially(SuiteRunner.java:329)
                        	at org.testng.SuiteRunner.privateRun(SuiteRunner.java:291)
                        	at org.testng.SuiteRunner.run(SuiteRunner.java:240)
                        	at org.testng.SuiteRunnerWorker.runSuite(SuiteRunnerWorker.java:52)
                        	at org.testng.SuiteRunnerWorker.run(SuiteRunnerWorker.java:86)
                        	at org.testng.TestNG.runSuitesSequentially(TestNG.java:1198)
                        	at org.testng.TestNG.runSuitesLocally(TestNG.java:1123)
                        	at org.testng.TestNG.run(TestNG.java:1031)
                        	at org.testng.TestNG.privateMain(TestNG.java:1338)
                        	at org.testng.TestNG.main(TestNG.java:1307)
                     </pre>
                  </div>
               </td>
            </tr>
         </table>
      </div>
      <div id="testMethodsByClass" style="display: none;">
         <table class="testMethodsTable" cellpadding="0" cellspacing="0">
            <tr>
               <td colspan="4">
                  <h3 style="display: inline;">test.CheckoutwithCreateAccount</h3>
               </td>
            </tr>
            <tr class="methodsTableHeader">
               <td width="100%">Name</td>
               <td nowrap="true">Started</td>
               <td nowrap="true">Duration</td>
               <td>Exception</td>
            </tr>
            <tr id="test.CheckoutwithCreateAccount_do_CheckoutwithCreateAccount_byClass_PASS1_row"
                class="testMethodStatusPASS">
               <td width="100%" class="firstMethodCell">
                  <a onclick="toggleDetailsVisibility('test.CheckoutwithCreateAccount_do_CheckoutwithCreateAccount_byClass_PASS1_details')">do_CheckoutwithCreateAccount({PID=1114001, Quantity=1, DataRunmode=Y, CCNum=5193700826556160
                     , Result=, DataRow=1, Email=ovc1308190316@qa1.com, CCType=HSN, PrimaryPhoneNumber=7221681373, OrderId=, Browser=Mozilla, SQL_1=CheckoutwithCreateAccount_1,
                     NumberOfFlexPayments=})
                  </a>
               </td>
               <td nowrap="true">15:56:25</td>
               <td nowrap="true" align="right">4m
                  13s
                  
               </td>
               <td nowrap="true">
                   
                  
               </td>
            </tr>
            <tr>
               <td colspan="4" class="detailsBox">
                  <div id="test.CheckoutwithCreateAccount_do_CheckoutwithCreateAccount_byClass_PASS1_details"
                       class="testMethodDetails">
                     <div>
                        <b>Name: </b>do_CheckoutwithCreateAccount
                     </div>
                     <div>
                        <b>Signature: </b>do_CheckoutwithCreateAccount(java.util.Hashtable)[pri:0, instance:test.CheckoutwithCreateAccount@49f66dc1]
                     </div>
                     <div>
                        <b>Parameters: </b>
                        
                        {PID=1114001, Quantity=1, DataRunmode=Y, CCNum=5193700826556160
                        , Result=, DataRow=1, Email=ovc1308190316@qa1.com, CCType=HSN, PrimaryPhoneNumber=7221681373, OrderId=, Browser=Mozilla, SQL_1=CheckoutwithCreateAccount_1,
                        NumberOfFlexPayments=}
                        
                        
                     </div>
                     <div>
                        <b>Start time: </b>15:56:25
                     </div>
                     <div>
                        <b>End time: </b>16:00:38
                     </div>
                     <div>
                        <b>Duration: </b>4m
                        13s
                        
                     </div>
                  </div>
               </td>
            </tr>
            <tr></tr>
            <tr id="test.CheckoutwithCreateAccount_do_CheckoutwithCreateAccount_byClass_SKIP2_row"
                class="testMethodStatusSKIP">
               <td width="100%" class="firstMethodCell">
                  <a onclick="toggleDetailsVisibility('test.CheckoutwithCreateAccount_do_CheckoutwithCreateAccount_byClass_SKIP2_details')">do_CheckoutwithCreateAccount({PID=1114001, Quantity=1, DataRunmode=N, CCNum=, Result=, DataRow=2, Email=, CCType=HSN, PrimaryPhoneNumber=,
                     OrderId=, Browser=Chrome, SQL_1=, NumberOfFlexPayments=})
                  </a>
               </td>
               <td nowrap="true">16:00:38</td>
               <td nowrap="true" align="right">50 ms
                  
               </td>
               <td nowrap="true">
                  <a onclick="toggleDetailsVisibility('test.CheckoutwithCreateAccount_do_CheckoutwithCreateAccount_byClass_SKIP2_exception')">org.testng.SkipException: 
                     skipping test case row : LaunchSite since the Runmode for test data is N
                     
                  </a>
                   
                  
               </td>
            </tr>
            <tr>
               <td colspan="4" class="detailsBox">
                  <div id="test.CheckoutwithCreateAccount_do_CheckoutwithCreateAccount_byClass_SKIP2_details"
                       class="testMethodDetails">
                     <div>
                        <b>Name: </b>do_CheckoutwithCreateAccount
                     </div>
                     <div>
                        <b>Signature: </b>do_CheckoutwithCreateAccount(java.util.Hashtable)[pri:0, instance:test.CheckoutwithCreateAccount@49f66dc1]
                     </div>
                     <div>
                        <b>Parameters: </b>
                        
                        {PID=1114001, Quantity=1, DataRunmode=N, CCNum=, Result=, DataRow=2, Email=, CCType=HSN, PrimaryPhoneNumber=, OrderId=, Browser=Chrome,
                        SQL_1=, NumberOfFlexPayments=}
                        
                        
                     </div>
                     <div>
                        <b>Start time: </b>16:00:38
                     </div>
                     <div>
                        <b>End time: </b>16:00:38
                     </div>
                     <div>
                        <b>Duration: </b>50 ms
                        
                     </div>
                  </div>
               </td>
            </tr>
            <tr>
               <td colspan="4" class="detailsBox">
                  <div id="test.CheckoutwithCreateAccount_do_CheckoutwithCreateAccount_byClass_SKIP2_exception"
                       class="testMethodDetails">
                     <pre style="padding: 5px; margin: 0;">org.testng.SkipException: skipping test case row : LaunchSite since the Runmode for test data is N
                        	at com.hsn.util.KeywordExecutor.ExecuteKeywords(KeywordExecutor.java:45)
                        	at test.CheckoutwithCreateAccount.do_CheckoutwithCreateAccount(CheckoutwithCreateAccount.java:42)
                        	at sun.reflect.NativeMethodAccessorImpl.invoke0(Native Method)
                        	at sun.reflect.NativeMethodAccessorImpl.invoke(NativeMethodAccessorImpl.java:57)
                        	at sun.reflect.DelegatingMethodAccessorImpl.invoke(DelegatingMethodAccessorImpl.java:43)
                        	at java.lang.reflect.Method.invoke(Method.java:601)
                        	at org.testng.internal.MethodInvocationHelper.invokeMethod(MethodInvocationHelper.java:80)
                        	at org.testng.internal.Invoker.invokeMethod(Invoker.java:714)
                        	at org.testng.internal.Invoker.invokeTestMethod(Invoker.java:901)
                        	at org.testng.internal.Invoker.invokeTestMethods(Invoker.java:1231)
                        	at org.testng.internal.TestMethodWorker.invokeTestMethods(TestMethodWorker.java:127)
                        	at org.testng.internal.TestMethodWorker.run(TestMethodWorker.java:111)
                        	at org.testng.TestRunner.privateRun(TestRunner.java:767)
                        	at org.testng.TestRunner.run(TestRunner.java:617)
                        	at org.testng.SuiteRunner.runTest(SuiteRunner.java:334)
                        	at org.testng.SuiteRunner.runSequentially(SuiteRunner.java:329)
                        	at org.testng.SuiteRunner.privateRun(SuiteRunner.java:291)
                        	at org.testng.SuiteRunner.run(SuiteRunner.java:240)
                        	at org.testng.SuiteRunnerWorker.runSuite(SuiteRunnerWorker.java:52)
                        	at org.testng.SuiteRunnerWorker.run(SuiteRunnerWorker.java:86)
                        	at org.testng.TestNG.runSuitesSequentially(TestNG.java:1198)
                        	at org.testng.TestNG.runSuitesLocally(TestNG.java:1123)
                        	at org.testng.TestNG.run(TestNG.java:1031)
                        	at org.testng.TestNG.privateMain(TestNG.java:1338)
                        	at org.testng.TestNG.main(TestNG.java:1307)
                     </pre>
                  </div>
               </td>
            </tr>
            <tr id="test.CheckoutwithCreateAccount_do_CheckoutwithCreateAccount_byClass_SKIP3_row"
                class="testMethodStatusSKIP">
               <td width="100%" class="firstMethodCell">
                  <a onclick="toggleDetailsVisibility('test.CheckoutwithCreateAccount_do_CheckoutwithCreateAccount_byClass_SKIP3_details')">do_CheckoutwithCreateAccount({PID=1114001, Quantity=1, DataRunmode=N, CCNum=, Result=, DataRow=3, Email=, CCType=HSN, PrimaryPhoneNumber=,
                     OrderId=, Browser=IE, SQL_1=, NumberOfFlexPayments=})
                  </a>
               </td>
               <td nowrap="true">16:00:38</td>
               <td nowrap="true" align="right">59 ms
                  
               </td>
               <td nowrap="true">
                  <a onclick="toggleDetailsVisibility('test.CheckoutwithCreateAccount_do_CheckoutwithCreateAccount_byClass_SKIP3_exception')">org.testng.SkipException: 
                     skipping test case row : LaunchSite since the Runmode for test data is N
                     
                  </a>
                   
                  
               </td>
            </tr>
            <tr>
               <td colspan="4" class="detailsBox">
                  <div id="test.CheckoutwithCreateAccount_do_CheckoutwithCreateAccount_byClass_SKIP3_details"
                       class="testMethodDetails">
                     <div>
                        <b>Name: </b>do_CheckoutwithCreateAccount
                     </div>
                     <div>
                        <b>Signature: </b>do_CheckoutwithCreateAccount(java.util.Hashtable)[pri:0, instance:test.CheckoutwithCreateAccount@49f66dc1]
                     </div>
                     <div>
                        <b>Parameters: </b>
                        
                        {PID=1114001, Quantity=1, DataRunmode=N, CCNum=, Result=, DataRow=3, Email=, CCType=HSN, PrimaryPhoneNumber=, OrderId=, Browser=IE,
                        SQL_1=, NumberOfFlexPayments=}
                        
                        
                     </div>
                     <div>
                        <b>Start time: </b>16:00:38
                     </div>
                     <div>
                        <b>End time: </b>16:00:38
                     </div>
                     <div>
                        <b>Duration: </b>59 ms
                        
                     </div>
                  </div>
               </td>
            </tr>
            <tr>
               <td colspan="4" class="detailsBox">
                  <div id="test.CheckoutwithCreateAccount_do_CheckoutwithCreateAccount_byClass_SKIP3_exception"
                       class="testMethodDetails">
                     <pre style="padding: 5px; margin: 0;">org.testng.SkipException: skipping test case row : LaunchSite since the Runmode for test data is N
                        	at com.hsn.util.KeywordExecutor.ExecuteKeywords(KeywordExecutor.java:45)
                        	at test.CheckoutwithCreateAccount.do_CheckoutwithCreateAccount(CheckoutwithCreateAccount.java:42)
                        	at sun.reflect.NativeMethodAccessorImpl.invoke0(Native Method)
                        	at sun.reflect.NativeMethodAccessorImpl.invoke(NativeMethodAccessorImpl.java:57)
                        	at sun.reflect.DelegatingMethodAccessorImpl.invoke(DelegatingMethodAccessorImpl.java:43)
                        	at java.lang.reflect.Method.invoke(Method.java:601)
                        	at org.testng.internal.MethodInvocationHelper.invokeMethod(MethodInvocationHelper.java:80)
                        	at org.testng.internal.Invoker.invokeMethod(Invoker.java:714)
                        	at org.testng.internal.Invoker.invokeTestMethod(Invoker.java:901)
                        	at org.testng.internal.Invoker.invokeTestMethods(Invoker.java:1231)
                        	at org.testng.internal.TestMethodWorker.invokeTestMethods(TestMethodWorker.java:127)
                        	at org.testng.internal.TestMethodWorker.run(TestMethodWorker.java:111)
                        	at org.testng.TestRunner.privateRun(TestRunner.java:767)
                        	at org.testng.TestRunner.run(TestRunner.java:617)
                        	at org.testng.SuiteRunner.runTest(SuiteRunner.java:334)
                        	at org.testng.SuiteRunner.runSequentially(SuiteRunner.java:329)
                        	at org.testng.SuiteRunner.privateRun(SuiteRunner.java:291)
                        	at org.testng.SuiteRunner.run(SuiteRunner.java:240)
                        	at org.testng.SuiteRunnerWorker.runSuite(SuiteRunnerWorker.java:52)
                        	at org.testng.SuiteRunnerWorker.run(SuiteRunnerWorker.java:86)
                        	at org.testng.TestNG.runSuitesSequentially(TestNG.java:1198)
                        	at org.testng.TestNG.runSuitesLocally(TestNG.java:1123)
                        	at org.testng.TestNG.run(TestNG.java:1031)
                        	at org.testng.TestNG.privateMain(TestNG.java:1338)
                        	at org.testng.TestNG.main(TestNG.java:1307)
                     </pre>
                  </div>
               </td>
            </tr>
            <tr id="test.CheckoutwithCreateAccount_close_byClass_PASS4_row"
                class="testMethodStatusPASS testMethodStatusCONF">
               <td width="100%" class="firstMethodCell">
                  <a onclick="toggleDetailsVisibility('test.CheckoutwithCreateAccount_close_byClass_PASS4_details')">close()</a>
               </td>
               <td nowrap="true">16:00:38</td>
               <td nowrap="true" align="right">0 ms
                  
               </td>
               <td nowrap="true">
                   
                  
               </td>
            </tr>
            <tr>
               <td colspan="4" class="detailsBox">
                  <div id="test.CheckoutwithCreateAccount_close_byClass_PASS4_details"
                       class="testMethodDetails">
                     <div>
                        <b>Name: </b>close
                     </div>
                     <div>
                        <b>Signature: </b>close()[pri:0, instance:test.CheckoutwithCreateAccount@49f66dc1]
                     </div>
                     <div>
                        <b>Start time: </b>16:00:38
                     </div>
                     <div>
                        <b>End time: </b>16:00:38
                     </div>
                     <div>
                        <b>Duration: </b>0 ms
                        
                     </div>
                  </div>
               </td>
            </tr>
            <tr></tr>
         </table>
         <br></br>
      </div>
      <div style="margin-top: 15px; color: gray; text-align: center; font-size: 9px;">
         Generated with
         
         <a href="http://code.google.com/p/testng-xslt/" style="color: #8888aa;"
            target="_blank">
            TestNG XSLT
            
         </a>
      </div>
   </body>
</html>