<html>
<head>
<title>TestNG:  Default test</title>
<link href="../testng.css" rel="stylesheet" type="text/css" />
<link href="../my-testng.css" rel="stylesheet" type="text/css" />

<style type="text/css">
.log { display: none;} 
.stack-trace { display: none;} 
</style>
<script type="text/javascript">
<!--
function flip(e) {
  current = e.style.display;
  if (current == 'block') {
    e.style.display = 'none';
    return 0;
  }
  else {
    e.style.display = 'block';
    return 1;
  }
}

function toggleBox(szDivId, elem, msg1, msg2)
{
  var res = -1;  if (document.getElementById) {
    res = flip(document.getElementById(szDivId));
  }
  else if (document.all) {
    // this is the way old msie versions work
    res = flip(document.all[szDivId]);
  }
  if(elem) {
    if(res == 0) elem.innerHTML = msg1; else elem.innerHTML = msg2;
  }

}

function toggleAllBoxes() {
  if (document.getElementsByTagName) {
    d = document.getElementsByTagName('div');
    for (i = 0; i < d.length; i++) {
      if (d[i].className == 'log') {
        flip(d[i]);
      }
    }
  }
}

// -->
</script>

</head>
<body>
<h2 align='center'>Default test</h2><table border='1' align="center">
<tr>
<td>Tests passed/Failed/Skipped:</td><td>1/3/0</td>
</tr><tr>
<td>Started on:</td><td>Wed Nov 19 11:03:45 EST 2014</td>
</tr>
<tr><td>Total time:</td><td>1040 seconds (1040793 ms)</td>
</tr><tr>
<td>Included groups:</td><td></td>
</tr><tr>
<td>Excluded groups:</td><td></td>
</tr>
</table><p/>
<small><i>(Hover the method name to see the test class name)</i></small><p/>
<table width='100%' border='1' class='invocation-failed'>
<tr><td colspan='4' align='center'><b>FAILED TESTS</b></td></tr>
<tr><td><b>Test method</b></td>
<td width="30%"><b>Exception</b></td>
<td width="10%"><b>Time (seconds)</b></td>
<td><b>Instance</b></td>
</tr>
<tr>
<td title='test.CheckoutwithCreateAccount.do_CheckoutwithCreateAccount()'><b>do_CheckoutwithCreateAccount</b><br>Test class: test.CheckoutwithCreateAccount<br>Parameters: {OrderIdUrl=https://qa4.hsn.com/cmr/order_confirm/default.aspx?_hdod=195130431, Browser=Mozilla, PrimaryPhoneNumber=@key_CommonAccountPhoneNumber2, DataRow=2, GamificationAccountCreatedID='', GamificationSiteVisitedID='f0cf85bf8bf9432cb17f0ddbcda1548d', CCType=HSN, Result=true Timestamp: 2014-11-19T10:49:01-05:00, Quantity=1, NumberOfFlexPayments=1, CustID='86056de7fcc24f8993ebb116ee0e2bc3', OrderType=ASYNC, Report=CheckoutwithCreateAccount_Report, PID=#key_PIDNoVariant, DataRunmode=Y, OrderId=195130431, Email=@key_CommonAccountEmail2, SQL3=getGamificationAccountCreatedID, SQL2=getGamificationSiteVisitedID, CCNum=5780970445824708, SQL1=getCustID}</td>
<td><div><pre>java.lang.AssertionError: Test case CheckoutwithCreateAccount has failed due to one of its steps not returning pass status expected [true] but found [false]
	at org.testng.Assert.fail(Assert.java:94)
	at org.testng.Assert.failNotEquals(Assert.java:494)
	at org.testng.Assert.assertTrue(Assert.java:42)
	at com.hsn.util.KeywordExecutor.ExecuteKeywords(KeywordExecutor.java:152)
	at test.CheckoutwithCreateAccount.do_CheckoutwithCreateAccount(CheckoutwithCreateAccount.java:38)
	at sun.reflect.NativeMethodAccessorImpl.invoke0(Native Method)
	at sun.reflect.NativeMethodAccessorImpl.invoke(Unknown Source)
	at sun.reflect.DelegatingMethodAccessorImpl.invoke(Unknown Source)
	at java.lang.reflect.Method.invoke(Unknown Source)
	at org.testng.internal.MethodInvocationHelper.invokeMethod(MethodInvocationHelper.java:84)
	at org.testng.internal.Invoker.invokeMethod(Invoker.java:714)
	at org.testng.internal.Invoker.invokeTestMethod(Invoker.java:901)
	at org.testng.internal.Invoker.invokeTestMethods(Invoker.java:1231)
	at org.testng.internal.TestMethodWorker.invokeTestMethods(TestMethodWorker.java:127)
	at org.testng.internal.TestMethodWorker.run(TestMethodWorker.java:111)
	at org.testng.TestRunner.privateRun(TestRunner.java:767)
	at org.testng.TestRunner.run(TestRunner.java:617)
	at org.testng.SuiteRunner.runTest(SuiteRunner.java:334)
	at org.testng.SuiteRunner.runSequentially(SuiteRunner.java:329)
	at org.testng.SuiteRunner.privateRun(SuiteRunner.java:291)
	at org.testng.SuiteRunner.run(SuiteRunner.java:240)
	at org.testng.SuiteRunnerWorker.runSuite(SuiteRunnerWorker.java:52)
	at org.testng.SuiteRunnerWorker.run(SuiteRunnerWorker.java:86)
	at org.testng.TestNG.runSuitesSequentially(TestNG.java:1224)
	at org.testng.TestNG.runSuitesLocally(TestNG.java:1149)
	at org.testng.TestNG.run(TestNG.java:1057)
	at org.testng.remote.RemoteTestNG.run(RemoteTestNG.java:111)
	at org.testng.remote.RemoteTestNG.initAndRun(RemoteTestNG.java:204)
	at org.testng.remote.RemoteTestNG.main(RemoteTestNG.java:175)
</pre></div><a href='#' onClick='toggleBox("stack-trace1077405675", this, "Click to show all stack frames", "Click to hide stack frames")'>Click to show all stack frames</a>
<div class='stack-trace' id='stack-trace1077405675'><pre>java.lang.AssertionError: Test case CheckoutwithCreateAccount has failed due to one of its steps not returning pass status expected [true] but found [false]
	at org.testng.Assert.fail(Assert.java:94)
	at org.testng.Assert.failNotEquals(Assert.java:494)
	at org.testng.Assert.assertTrue(Assert.java:42)
	at com.hsn.util.KeywordExecutor.ExecuteKeywords(KeywordExecutor.java:152)
	at test.CheckoutwithCreateAccount.do_CheckoutwithCreateAccount(CheckoutwithCreateAccount.java:38)
	at sun.reflect.NativeMethodAccessorImpl.invoke0(Native Method)
	at sun.reflect.NativeMethodAccessorImpl.invoke(Unknown Source)
	at sun.reflect.DelegatingMethodAccessorImpl.invoke(Unknown Source)
	at java.lang.reflect.Method.invoke(Unknown Source)
	at org.testng.internal.MethodInvocationHelper.invokeMethod(MethodInvocationHelper.java:84)
	at org.testng.internal.Invoker.invokeMethod(Invoker.java:714)
	at org.testng.internal.Invoker.invokeTestMethod(Invoker.java:901)
	at org.testng.internal.Invoker.invokeTestMethods(Invoker.java:1231)
	at org.testng.internal.TestMethodWorker.invokeTestMethods(TestMethodWorker.java:127)
	at org.testng.internal.TestMethodWorker.run(TestMethodWorker.java:111)
	at org.testng.TestRunner.privateRun(TestRunner.java:767)
	at org.testng.TestRunner.run(TestRunner.java:617)
	at org.testng.SuiteRunner.runTest(SuiteRunner.java:334)
	at org.testng.SuiteRunner.runSequentially(SuiteRunner.java:329)
	at org.testng.SuiteRunner.privateRun(SuiteRunner.java:291)
	at org.testng.SuiteRunner.run(SuiteRunner.java:240)
	at org.testng.SuiteRunnerWorker.runSuite(SuiteRunnerWorker.java:52)
	at org.testng.SuiteRunnerWorker.run(SuiteRunnerWorker.java:86)
	at org.testng.TestNG.runSuitesSequentially(TestNG.java:1224)
	at org.testng.TestNG.runSuitesLocally(TestNG.java:1149)
	at org.testng.TestNG.run(TestNG.java:1057)
	at org.testng.remote.RemoteTestNG.run(RemoteTestNG.java:111)
	at org.testng.remote.RemoteTestNG.initAndRun(RemoteTestNG.java:204)
	at org.testng.remote.RemoteTestNG.main(RemoteTestNG.java:175)
</pre></div></td>
<td>527</td>
<td>[CheckoutwithCreateAccount passed=0 failed=0 skipped=0]</td></tr>
<tr>
<td title='test.CheckoutwithCreateAccount.do_CheckoutwithCreateAccount()'><b>do_CheckoutwithCreateAccount</b><br>Test class: test.CheckoutwithCreateAccount<br>Parameters: {OrderIdUrl=https://qa4.hsn.com/cmr/order_confirm/default.aspx?_hdod=195130435, Browser=Mozilla, PrimaryPhoneNumber=@key_CommonAccountPhoneNumber3, DataRow=3, GamificationAccountCreatedID='', GamificationSiteVisitedID='bc8776468c2740378d9c837d9af50c4d', CCType=HSN, Result=true Timestamp: 2014-11-19T10:55:05-05:00, Quantity=1, NumberOfFlexPayments=1, CustID='a6e069b1c8bc4745bfeb5ed2c56b24a3', OrderType=ASYNC, Report=CheckoutwithCreateAccount_Report, PID=#key_PIDNoVariant, DataRunmode=Y, OrderId=195130435, Email=@key_CommonAccountEmail3, SQL3=getGamificationAccountCreatedID, SQL2=getGamificationSiteVisitedID, CCNum=5780977862074857, SQL1=getCustID}</td>
<td><div><pre>java.lang.reflect.InvocationTargetException
	at sun.reflect.NativeMethodAccessorImpl.invoke0(Native Method)
	at sun.reflect.NativeMethodAccessorImpl.invoke(Unknown Source)
	at sun.reflect.DelegatingMethodAccessorImpl.invoke(Unknown Source)
	at java.lang.reflect.Method.invoke(Unknown Source)
	at com.hsn.util.KeywordExecutor.ExecuteKeywords(KeywordExecutor.java:116)
	at test.CheckoutwithCreateAccount.do_CheckoutwithCreateAccount(CheckoutwithCreateAccount.java:38)
	at sun.reflect.NativeMethodAccessorImpl.invoke0(Native Method)
	at sun.reflect.NativeMethodAccessorImpl.invoke(Unknown Source)
	at sun.reflect.DelegatingMethodAccessorImpl.invoke(Unknown Source)
	at java.lang.reflect.Method.invoke(Unknown Source)
	at org.testng.internal.MethodInvocationHelper.invokeMethod(MethodInvocationHelper.java:84)
	at org.testng.internal.Invoker.invokeMethod(Invoker.java:714)
	at org.testng.internal.Invoker.invokeTestMethod(Invoker.java:901)
	at org.testng.internal.Invoker.invokeTestMethods(Invoker.java:1231)
	at org.testng.internal.TestMethodWorker.invokeTestMethods(TestMethodWorker.java:127)
	at org.testng.internal.TestMethodWorker.run(TestMethodWorker.java:111)
	at org.testng.TestRunner.privateRun(TestRunner.java:767)
	at org.testng.TestRunner.run(TestRunner.java:617)
	at org.testng.SuiteRunner.runTest(SuiteRunner.java:334)
	at org.testng.SuiteRunner.runSequentially(SuiteRunner.java:329)
	at org.testng.SuiteRunner.privateRun(SuiteRunner.java:291)
	at org.testng.SuiteRunner.run(SuiteRunner.java:240)
	at org.testng.SuiteRunnerWorker.runSuite(SuiteRunnerWorker.java:52)
	at org.testng.SuiteRunnerWorker.run(SuiteRunnerWorker.java:86)
	at org.testng.TestNG.runSuitesSequentially(TestNG.java:1224)
	at org.testng.TestNG.runSuitesLocally(TestNG.java:1149)
	at org.testng.TestNG.run(TestNG.java:1057)
	at org.testng.remote.RemoteTestNG.run(RemoteTestNG.java:111)
	at org.testng.remote.RemoteTestNG.initAndRun(RemoteTestNG.java:204)
	at org.testng.remote.RemoteTestNG.main(RemoteTestNG.java:175)
Caused by: org.openqa.selenium.remote.SessionNotFoundException: The FirefoxDriver cannot be used after quit() was called.
Build info: version: &apos;2.43.0&apos;, revision: &apos;597b76b&apos;, time: &apos;2014-09-09 20:52:14&apos;
System info: host: &apos;WS0122985&apos;, ip: &apos;10.17.225.21&apos;, os.name: &apos;Windows 7&apos;, os.arch: &apos;amd64&apos;, os.version: &apos;6.1&apos;, java.version: &apos;1.7.0_13&apos;
Driver info: driver.version: FirefoxDriver
	at org.openqa.selenium.firefox.FirefoxDriver$LazyCommandExecutor.execute(FirefoxDriver.java:361)
	at org.openqa.selenium.remote.RemoteWebDriver.execute(RemoteWebDriver.java:572)
	at org.openqa.selenium.firefox.FirefoxDriver.access$0(FirefoxDriver.java:1)
	at org.openqa.selenium.firefox.FirefoxDriver$1$1.implicitlyWait(FirefoxDriver.java:219)
	at com.hsn.util.Keywords.closeModalsFast(Keywords.java:591)
	at com.hsn.util.Keywords.addProductToBag(Keywords.java:2751)
	... 30 more
</pre></div><a href='#' onClick='toggleBox("stack-trace139310949", this, "Click to show all stack frames", "Click to hide stack frames")'>Click to show all stack frames</a>
<div class='stack-trace' id='stack-trace139310949'><pre>java.lang.reflect.InvocationTargetException
	at sun.reflect.NativeMethodAccessorImpl.invoke0(Native Method)
	at sun.reflect.NativeMethodAccessorImpl.invoke(Unknown Source)
	at sun.reflect.DelegatingMethodAccessorImpl.invoke(Unknown Source)
	at java.lang.reflect.Method.invoke(Unknown Source)
	at com.hsn.util.KeywordExecutor.ExecuteKeywords(KeywordExecutor.java:116)
	at test.CheckoutwithCreateAccount.do_CheckoutwithCreateAccount(CheckoutwithCreateAccount.java:38)
	at sun.reflect.NativeMethodAccessorImpl.invoke0(Native Method)
	at sun.reflect.NativeMethodAccessorImpl.invoke(Unknown Source)
	at sun.reflect.DelegatingMethodAccessorImpl.invoke(Unknown Source)
	at java.lang.reflect.Method.invoke(Unknown Source)
	at org.testng.internal.MethodInvocationHelper.invokeMethod(MethodInvocationHelper.java:84)
	at org.testng.internal.Invoker.invokeMethod(Invoker.java:714)
	at org.testng.internal.Invoker.invokeTestMethod(Invoker.java:901)
	at org.testng.internal.Invoker.invokeTestMethods(Invoker.java:1231)
	at org.testng.internal.TestMethodWorker.invokeTestMethods(TestMethodWorker.java:127)
	at org.testng.internal.TestMethodWorker.run(TestMethodWorker.java:111)
	at org.testng.TestRunner.privateRun(TestRunner.java:767)
	at org.testng.TestRunner.run(TestRunner.java:617)
	at org.testng.SuiteRunner.runTest(SuiteRunner.java:334)
	at org.testng.SuiteRunner.runSequentially(SuiteRunner.java:329)
	at org.testng.SuiteRunner.privateRun(SuiteRunner.java:291)
	at org.testng.SuiteRunner.run(SuiteRunner.java:240)
	at org.testng.SuiteRunnerWorker.runSuite(SuiteRunnerWorker.java:52)
	at org.testng.SuiteRunnerWorker.run(SuiteRunnerWorker.java:86)
	at org.testng.TestNG.runSuitesSequentially(TestNG.java:1224)
	at org.testng.TestNG.runSuitesLocally(TestNG.java:1149)
	at org.testng.TestNG.run(TestNG.java:1057)
	at org.testng.remote.RemoteTestNG.run(RemoteTestNG.java:111)
	at org.testng.remote.RemoteTestNG.initAndRun(RemoteTestNG.java:204)
	at org.testng.remote.RemoteTestNG.main(RemoteTestNG.java:175)
Caused by: org.openqa.selenium.remote.SessionNotFoundException: The FirefoxDriver cannot be used after quit() was called.
Build info: version: &apos;2.43.0&apos;, revision: &apos;597b76b&apos;, time: &apos;2014-09-09 20:52:14&apos;
System info: host: &apos;WS0122985&apos;, ip: &apos;10.17.225.21&apos;, os.name: &apos;Windows 7&apos;, os.arch: &apos;amd64&apos;, os.version: &apos;6.1&apos;, java.version: &apos;1.7.0_13&apos;
Driver info: driver.version: FirefoxDriver
	at org.openqa.selenium.firefox.FirefoxDriver$LazyCommandExecutor.execute(FirefoxDriver.java:361)
	at org.openqa.selenium.remote.RemoteWebDriver.execute(RemoteWebDriver.java:572)
	at org.openqa.selenium.firefox.FirefoxDriver.access$0(FirefoxDriver.java:1)
	at org.openqa.selenium.firefox.FirefoxDriver$1$1.implicitlyWait(FirefoxDriver.java:219)
	at com.hsn.util.Keywords.closeModalsFast(Keywords.java:591)
	at com.hsn.util.Keywords.addProductToBag(Keywords.java:2751)
	... 30 more
</pre></div></td>
<td>66</td>
<td>[CheckoutwithCreateAccount passed=0 failed=0 skipped=0]</td></tr>
<tr>
<td title='test.CheckoutwithCreateAccount.do_CheckoutwithCreateAccount()'><b>do_CheckoutwithCreateAccount</b><br>Test class: test.CheckoutwithCreateAccount<br>Parameters: {OrderIdUrl=https://qa4.hsn.com/cmr/order_confirm/default.aspx?_hdod=195130439, Browser=Mozilla, PrimaryPhoneNumber=@key_CommonAccountPhoneNumber4, DataRow=4, GamificationAccountCreatedID='', GamificationSiteVisitedID='4f12d904d36249fe801508845920c0b8', CCType=HSN, Result=true Timestamp: 2014-11-19T11:01:17-05:00, Quantity=1, NumberOfFlexPayments=1, CustID='95f51d235bbb4fea8d396f49ed08a861', OrderType=ASYNC, Report=CheckoutwithCreateAccount_Report, PID=#key_PIDNoVariant, DataRunmode=Y, OrderId=195130439, Email=@key_CommonAccountEmail4, SQL3=getGamificationAccountCreatedID, SQL2=getGamificationSiteVisitedID, CCNum=5780971362163583, SQL1=getCustID}</td>
<td><div><pre>java.lang.reflect.InvocationTargetException
	at sun.reflect.NativeMethodAccessorImpl.invoke0(Native Method)
	at sun.reflect.NativeMethodAccessorImpl.invoke(Unknown Source)
	at sun.reflect.DelegatingMethodAccessorImpl.invoke(Unknown Source)
	at java.lang.reflect.Method.invoke(Unknown Source)
	at com.hsn.util.KeywordExecutor.ExecuteKeywords(KeywordExecutor.java:116)
	at test.CheckoutwithCreateAccount.do_CheckoutwithCreateAccount(CheckoutwithCreateAccount.java:38)
	at sun.reflect.NativeMethodAccessorImpl.invoke0(Native Method)
	at sun.reflect.NativeMethodAccessorImpl.invoke(Unknown Source)
	at sun.reflect.DelegatingMethodAccessorImpl.invoke(Unknown Source)
	at java.lang.reflect.Method.invoke(Unknown Source)
	at org.testng.internal.MethodInvocationHelper.invokeMethod(MethodInvocationHelper.java:84)
	at org.testng.internal.Invoker.invokeMethod(Invoker.java:714)
	at org.testng.internal.Invoker.invokeTestMethod(Invoker.java:901)
	at org.testng.internal.Invoker.invokeTestMethods(Invoker.java:1231)
	at org.testng.internal.TestMethodWorker.invokeTestMethods(TestMethodWorker.java:127)
	at org.testng.internal.TestMethodWorker.run(TestMethodWorker.java:111)
	at org.testng.TestRunner.privateRun(TestRunner.java:767)
	at org.testng.TestRunner.run(TestRunner.java:617)
	at org.testng.SuiteRunner.runTest(SuiteRunner.java:334)
	at org.testng.SuiteRunner.runSequentially(SuiteRunner.java:329)
	at org.testng.SuiteRunner.privateRun(SuiteRunner.java:291)
	at org.testng.SuiteRunner.run(SuiteRunner.java:240)
	at org.testng.SuiteRunnerWorker.runSuite(SuiteRunnerWorker.java:52)
	at org.testng.SuiteRunnerWorker.run(SuiteRunnerWorker.java:86)
	at org.testng.TestNG.runSuitesSequentially(TestNG.java:1224)
	at org.testng.TestNG.runSuitesLocally(TestNG.java:1149)
	at org.testng.TestNG.run(TestNG.java:1057)
	at org.testng.remote.RemoteTestNG.run(RemoteTestNG.java:111)
	at org.testng.remote.RemoteTestNG.initAndRun(RemoteTestNG.java:204)
	at org.testng.remote.RemoteTestNG.main(RemoteTestNG.java:175)
Caused by: org.openqa.selenium.remote.SessionNotFoundException: The FirefoxDriver cannot be used after quit() was called.
Build info: version: &apos;2.43.0&apos;, revision: &apos;597b76b&apos;, time: &apos;2014-09-09 20:52:14&apos;
System info: host: &apos;WS0122985&apos;, ip: &apos;10.17.225.21&apos;, os.name: &apos;Windows 7&apos;, os.arch: &apos;amd64&apos;, os.version: &apos;6.1&apos;, java.version: &apos;1.7.0_13&apos;
Driver info: driver.version: FirefoxDriver
	at org.openqa.selenium.firefox.FirefoxDriver$LazyCommandExecutor.execute(FirefoxDriver.java:361)
	at org.openqa.selenium.remote.RemoteWebDriver.execute(RemoteWebDriver.java:572)
	at org.openqa.selenium.firefox.FirefoxDriver.access$0(FirefoxDriver.java:1)
	at org.openqa.selenium.firefox.FirefoxDriver$1$1.implicitlyWait(FirefoxDriver.java:219)
	at com.hsn.util.Keywords.closeModals(Keywords.java:564)
	at com.hsn.util.Keywords.click(Keywords.java:691)
	... 30 more
</pre></div><a href='#' onClick='toggleBox("stack-trace784088741", this, "Click to show all stack frames", "Click to hide stack frames")'>Click to show all stack frames</a>
<div class='stack-trace' id='stack-trace784088741'><pre>java.lang.reflect.InvocationTargetException
	at sun.reflect.NativeMethodAccessorImpl.invoke0(Native Method)
	at sun.reflect.NativeMethodAccessorImpl.invoke(Unknown Source)
	at sun.reflect.DelegatingMethodAccessorImpl.invoke(Unknown Source)
	at java.lang.reflect.Method.invoke(Unknown Source)
	at com.hsn.util.KeywordExecutor.ExecuteKeywords(KeywordExecutor.java:116)
	at test.CheckoutwithCreateAccount.do_CheckoutwithCreateAccount(CheckoutwithCreateAccount.java:38)
	at sun.reflect.NativeMethodAccessorImpl.invoke0(Native Method)
	at sun.reflect.NativeMethodAccessorImpl.invoke(Unknown Source)
	at sun.reflect.DelegatingMethodAccessorImpl.invoke(Unknown Source)
	at java.lang.reflect.Method.invoke(Unknown Source)
	at org.testng.internal.MethodInvocationHelper.invokeMethod(MethodInvocationHelper.java:84)
	at org.testng.internal.Invoker.invokeMethod(Invoker.java:714)
	at org.testng.internal.Invoker.invokeTestMethod(Invoker.java:901)
	at org.testng.internal.Invoker.invokeTestMethods(Invoker.java:1231)
	at org.testng.internal.TestMethodWorker.invokeTestMethods(TestMethodWorker.java:127)
	at org.testng.internal.TestMethodWorker.run(TestMethodWorker.java:111)
	at org.testng.TestRunner.privateRun(TestRunner.java:767)
	at org.testng.TestRunner.run(TestRunner.java:617)
	at org.testng.SuiteRunner.runTest(SuiteRunner.java:334)
	at org.testng.SuiteRunner.runSequentially(SuiteRunner.java:329)
	at org.testng.SuiteRunner.privateRun(SuiteRunner.java:291)
	at org.testng.SuiteRunner.run(SuiteRunner.java:240)
	at org.testng.SuiteRunnerWorker.runSuite(SuiteRunnerWorker.java:52)
	at org.testng.SuiteRunnerWorker.run(SuiteRunnerWorker.java:86)
	at org.testng.TestNG.runSuitesSequentially(TestNG.java:1224)
	at org.testng.TestNG.runSuitesLocally(TestNG.java:1149)
	at org.testng.TestNG.run(TestNG.java:1057)
	at org.testng.remote.RemoteTestNG.run(RemoteTestNG.java:111)
	at org.testng.remote.RemoteTestNG.initAndRun(RemoteTestNG.java:204)
	at org.testng.remote.RemoteTestNG.main(RemoteTestNG.java:175)
Caused by: org.openqa.selenium.remote.SessionNotFoundException: The FirefoxDriver cannot be used after quit() was called.
Build info: version: &apos;2.43.0&apos;, revision: &apos;597b76b&apos;, time: &apos;2014-09-09 20:52:14&apos;
System info: host: &apos;WS0122985&apos;, ip: &apos;10.17.225.21&apos;, os.name: &apos;Windows 7&apos;, os.arch: &apos;amd64&apos;, os.version: &apos;6.1&apos;, java.version: &apos;1.7.0_13&apos;
Driver info: driver.version: FirefoxDriver
	at org.openqa.selenium.firefox.FirefoxDriver$LazyCommandExecutor.execute(FirefoxDriver.java:361)
	at org.openqa.selenium.remote.RemoteWebDriver.execute(RemoteWebDriver.java:572)
	at org.openqa.selenium.firefox.FirefoxDriver.access$0(FirefoxDriver.java:1)
	at org.openqa.selenium.firefox.FirefoxDriver$1$1.implicitlyWait(FirefoxDriver.java:219)
	at com.hsn.util.Keywords.closeModals(Keywords.java:564)
	at com.hsn.util.Keywords.click(Keywords.java:691)
	... 30 more
</pre></div></td>
<td>79</td>
<td>[CheckoutwithCreateAccount passed=0 failed=0 skipped=0]</td></tr>
</table><p>
<table width='100%' border='1' class='invocation-passed'>
<tr><td colspan='4' align='center'><b>PASSED TESTS</b></td></tr>
<tr><td><b>Test method</b></td>
<td width="30%"><b>Exception</b></td>
<td width="10%"><b>Time (seconds)</b></td>
<td><b>Instance</b></td>
</tr>
<tr>
<td title='test.CheckoutwithCreateAccount.do_CheckoutwithCreateAccount()'><b>do_CheckoutwithCreateAccount</b><br>Test class: test.CheckoutwithCreateAccount<br>Parameters: {OrderIdUrl=https://qa4.hsn.com/cmr/order_confirm/default.aspx?_hdod=195130429, Browser=Mozilla, PrimaryPhoneNumber=@key_CommonAccountPhoneNumber1, DataRow=1, GamificationAccountCreatedID='', GamificationSiteVisitedID='5210b0b5d13745ed8687cddbdcd10ec3', CCType=HSN, Result=true Timestamp: 2014-11-19T10:42:59-05:00, Quantity=1, NumberOfFlexPayments=1, CustID='71b20d9dfd9f4953935d12774e00fc23', OrderType=ASYNC, Report=CheckoutwithCreateAccount_Report, PID=#key_PIDNoVariant, DataRunmode=Y, OrderId=195130429, Email=@key_CommonAccountEmail1, SQL3=getGamificationAccountCreatedID, SQL2=getGamificationSiteVisitedID, CCNum=5780975051682886, SQL1=getCustID}<br/>
<a href="#Output-544120351" onClick='toggleBox("Output-544120351", this, "Show output", "Hide output");'>Show output</a>

<a href="#Output-544120351" onClick="toggleAllBoxes();">Show all outputs</a>
<div class='log' id="Output-544120351">

 TestCase : CheckoutwithCreateAccount - Used Browser : Mozilla to create customer account 'ovc141119110648@qa1.com' and placed order 195130443 of Order type  =  ASYNC sucessfully
GamificationSiteVisitedID = '585c352037e04722b821c0f17c8e5261' and GamificationAccountCreatedID = '' TIME STAMP: 11/19/2014 11:09:52
<br/>
</div>
</td>
<td></td>
<td>365</td>
<td>[CheckoutwithCreateAccount passed=0 failed=0 skipped=0]</td></tr>
</table><p>
</body>
</html>