<html>
<head>
<title>TestNG:  calling test.CheckoutwithCreateAccount</title>
<link href="../testng.css" rel="stylesheet" type="text/css" />
<link href="../my-testng.css" rel="stylesheet" type="text/css" />

<style type="text/css">
.log { display: none;} 
.stack-trace { display: none;} 
</style>
<script type="text/javascript">
<!--
function flip(e) {
  current = e.style.display;
  if (current == 'block') {
    e.style.display = 'none';
    return 0;
  }
  else {
    e.style.display = 'block';
    return 1;
  }
}

function toggleBox(szDivId, elem, msg1, msg2)
{
  var res = -1;  if (document.getElementById) {
    res = flip(document.getElementById(szDivId));
  }
  else if (document.all) {
    // this is the way old msie versions work
    res = flip(document.all[szDivId]);
  }
  if(elem) {
    if(res == 0) elem.innerHTML = msg1; else elem.innerHTML = msg2;
  }

}

function toggleAllBoxes() {
  if (document.getElementsByTagName) {
    d = document.getElementsByTagName('div');
    for (i = 0; i < d.length; i++) {
      if (d[i].className == 'log') {
        flip(d[i]);
      }
    }
  }
}

// -->
</script>

</head>
<body>
<h2 align='center'>calling test.CheckoutwithCreateAccount</h2><table border='1' align="center">
<tr>
<td>Tests passed/Failed/Skipped:</td><td>1/0/2</td>
</tr><tr>
<td>Started on:</td><td>Mon Aug 19 15:56:23 EDT 2013</td>
</tr>
<tr><td>Total time:</td><td>254 seconds (254664 ms)</td>
</tr><tr>
<td>Included groups:</td><td></td>
</tr><tr>
<td>Excluded groups:</td><td></td>
</tr>
</table><p/>
<small><i>(Hover the method name to see the test class name)</i></small><p/>
<table width='100%' border='1' class='invocation-passed'>
<tr><td colspan='4' align='center'><b>PASSED TESTS</b></td></tr>
<tr><td><b>Test method</b></td>
<td width="30%"><b>Exception</b></td>
<td width="10%"><b>Time (seconds)</b></td>
<td><b>Instance</b></td>
</tr>
<tr>
<td title='test.CheckoutwithCreateAccount.do_CheckoutwithCreateAccount()'><b>do_CheckoutwithCreateAccount</b><br>Test class: test.CheckoutwithCreateAccount<br>Parameters: {PID=1114001, Quantity=1, DataRunmode=Y, CCNum=5193700826556160
, Result=, DataRow=1, Email=ovc1308190316@qa1.com, CCType=HSN, PrimaryPhoneNumber=7221681373, OrderId=, Browser=Mozilla, SQL_1=CheckoutwithCreateAccount_1, NumberOfFlexPayments=}</td>
<td></td>
<td>253</td>
<td>test.CheckoutwithCreateAccount@49f66dc1</td></tr>
</table><p>
<table width='100%' border='1' class='invocation-skipped'>
<tr><td colspan='4' align='center'><b>SKIPPED TESTS</b></td></tr>
<tr><td><b>Test method</b></td>
<td width="30%"><b>Exception</b></td>
<td width="10%"><b>Time (seconds)</b></td>
<td><b>Instance</b></td>
</tr>
<tr>
<td title='test.CheckoutwithCreateAccount.do_CheckoutwithCreateAccount()'><b>do_CheckoutwithCreateAccount</b><br>Test class: test.CheckoutwithCreateAccount<br>Parameters: {PID=1114001, Quantity=1, DataRunmode=N, CCNum=, Result=, DataRow=2, Email=, CCType=HSN, PrimaryPhoneNumber=, OrderId=, Browser=Chrome, SQL_1=, NumberOfFlexPayments=}</td>
<td><div><pre>org.testng.SkipException: skipping test case row : LaunchSite since the Runmode for test data is N
	at com.hsn.util.KeywordExecutor.ExecuteKeywords(KeywordExecutor.java:45)
	at test.CheckoutwithCreateAccount.do_CheckoutwithCreateAccount(CheckoutwithCreateAccount.java:42)
... Removed 23 stack frames</pre></div><a href='#' onClick='toggleBox("stack-trace704567163", this, "Click to show all stack frames", "Click to hide stack frames")'>Click to show all stack frames</a>
<div class='stack-trace' id='stack-trace704567163'><pre>org.testng.SkipException: skipping test case row : LaunchSite since the Runmode for test data is N
	at com.hsn.util.KeywordExecutor.ExecuteKeywords(KeywordExecutor.java:45)
	at test.CheckoutwithCreateAccount.do_CheckoutwithCreateAccount(CheckoutwithCreateAccount.java:42)
	at sun.reflect.NativeMethodAccessorImpl.invoke0(Native Method)
	at sun.reflect.NativeMethodAccessorImpl.invoke(NativeMethodAccessorImpl.java:57)
	at sun.reflect.DelegatingMethodAccessorImpl.invoke(DelegatingMethodAccessorImpl.java:43)
	at java.lang.reflect.Method.invoke(Method.java:601)
	at org.testng.internal.MethodInvocationHelper.invokeMethod(MethodInvocationHelper.java:80)
	at org.testng.internal.Invoker.invokeMethod(Invoker.java:714)
	at org.testng.internal.Invoker.invokeTestMethod(Invoker.java:901)
	at org.testng.internal.Invoker.invokeTestMethods(Invoker.java:1231)
	at org.testng.internal.TestMethodWorker.invokeTestMethods(TestMethodWorker.java:127)
	at org.testng.internal.TestMethodWorker.run(TestMethodWorker.java:111)
	at org.testng.TestRunner.privateRun(TestRunner.java:767)
	at org.testng.TestRunner.run(TestRunner.java:617)
	at org.testng.SuiteRunner.runTest(SuiteRunner.java:334)
	at org.testng.SuiteRunner.runSequentially(SuiteRunner.java:329)
	at org.testng.SuiteRunner.privateRun(SuiteRunner.java:291)
	at org.testng.SuiteRunner.run(SuiteRunner.java:240)
	at org.testng.SuiteRunnerWorker.runSuite(SuiteRunnerWorker.java:52)
	at org.testng.SuiteRunnerWorker.run(SuiteRunnerWorker.java:86)
	at org.testng.TestNG.runSuitesSequentially(TestNG.java:1198)
	at org.testng.TestNG.runSuitesLocally(TestNG.java:1123)
	at org.testng.TestNG.run(TestNG.java:1031)
	at org.testng.TestNG.privateMain(TestNG.java:1338)
	at org.testng.TestNG.main(TestNG.java:1307)
</pre></div></td>
<td>0</td>
<td>test.CheckoutwithCreateAccount@49f66dc1</td></tr>
<tr>
<td title='test.CheckoutwithCreateAccount.do_CheckoutwithCreateAccount()'><b>do_CheckoutwithCreateAccount</b><br>Test class: test.CheckoutwithCreateAccount<br>Parameters: {PID=1114001, Quantity=1, DataRunmode=N, CCNum=, Result=, DataRow=3, Email=, CCType=HSN, PrimaryPhoneNumber=, OrderId=, Browser=IE, SQL_1=, NumberOfFlexPayments=}</td>
<td><div><pre>org.testng.SkipException: skipping test case row : LaunchSite since the Runmode for test data is N
	at com.hsn.util.KeywordExecutor.ExecuteKeywords(KeywordExecutor.java:45)
	at test.CheckoutwithCreateAccount.do_CheckoutwithCreateAccount(CheckoutwithCreateAccount.java:42)
... Removed 23 stack frames</pre></div><a href='#' onClick='toggleBox("stack-trace732560146", this, "Click to show all stack frames", "Click to hide stack frames")'>Click to show all stack frames</a>
<div class='stack-trace' id='stack-trace732560146'><pre>org.testng.SkipException: skipping test case row : LaunchSite since the Runmode for test data is N
	at com.hsn.util.KeywordExecutor.ExecuteKeywords(KeywordExecutor.java:45)
	at test.CheckoutwithCreateAccount.do_CheckoutwithCreateAccount(CheckoutwithCreateAccount.java:42)
	at sun.reflect.NativeMethodAccessorImpl.invoke0(Native Method)
	at sun.reflect.NativeMethodAccessorImpl.invoke(NativeMethodAccessorImpl.java:57)
	at sun.reflect.DelegatingMethodAccessorImpl.invoke(DelegatingMethodAccessorImpl.java:43)
	at java.lang.reflect.Method.invoke(Method.java:601)
	at org.testng.internal.MethodInvocationHelper.invokeMethod(MethodInvocationHelper.java:80)
	at org.testng.internal.Invoker.invokeMethod(Invoker.java:714)
	at org.testng.internal.Invoker.invokeTestMethod(Invoker.java:901)
	at org.testng.internal.Invoker.invokeTestMethods(Invoker.java:1231)
	at org.testng.internal.TestMethodWorker.invokeTestMethods(TestMethodWorker.java:127)
	at org.testng.internal.TestMethodWorker.run(TestMethodWorker.java:111)
	at org.testng.TestRunner.privateRun(TestRunner.java:767)
	at org.testng.TestRunner.run(TestRunner.java:617)
	at org.testng.SuiteRunner.runTest(SuiteRunner.java:334)
	at org.testng.SuiteRunner.runSequentially(SuiteRunner.java:329)
	at org.testng.SuiteRunner.privateRun(SuiteRunner.java:291)
	at org.testng.SuiteRunner.run(SuiteRunner.java:240)
	at org.testng.SuiteRunnerWorker.runSuite(SuiteRunnerWorker.java:52)
	at org.testng.SuiteRunnerWorker.run(SuiteRunnerWorker.java:86)
	at org.testng.TestNG.runSuitesSequentially(TestNG.java:1198)
	at org.testng.TestNG.runSuitesLocally(TestNG.java:1123)
	at org.testng.TestNG.run(TestNG.java:1031)
	at org.testng.TestNG.privateMain(TestNG.java:1338)
	at org.testng.TestNG.main(TestNG.java:1307)
</pre></div></td>
<td>0</td>
<td>test.CheckoutwithCreateAccount@49f66dc1</td></tr>
</table><p>
</body>
</html>