<?xml version="1.0" encoding="UTF-8"?>
<!-- Generated by org.testng.reporters.JUnitXMLReporter -->
<testsuite hostname="WS0122985" name="calling CheckoutWithLightUserHotState" tests="1" failures="1" timestamp="19 Nov 2014 20:48:31 GMT" time="349.199" errors="0">
  <testcase name="do_CheckoutWithLightUserColdState on [CheckoutWithLightUserHotState passed=0 failed=0 skipped=0]" time="349.121" classname="test.CheckoutWithLightUserHotState">
    <failure type="java.lang.AssertionError" message="Test case CheckoutWithLightUserHotState has failed due to one of its steps not returning pass status expected [true] but found [false]">
      <![CDATA[java.lang.AssertionError: Test case CheckoutWithLightUserHotState has failed due to one of its steps not returning pass status expected [true] but found [false]
	at com.hsn.util.KeywordExecutor.ExecuteKeywords(KeywordExecutor.java:152)
	at test.CheckoutWithLightUserHotState.do_CheckoutWithLightUserColdState(CheckoutWithLightUserHotState.java:38)
... Removed 26 stack frames]]>
    </failure>
  </testcase> <!-- do_CheckoutWithLightUserColdState on [CheckoutWithLightUserHotState passed=0 failed=0 skipped=0] -->
</testsuite> <!-- calling CheckoutWithLightUserHotState -->
