<?xml version="1.0" encoding="UTF-8"?>
<!-- Generated by org.testng.reporters.JUnitXMLReporter -->
<testsuite hostname="WS0122985" name="calling BreadBoxAndGridFilters" tests="1" failures="1" timestamp="19 Nov 2014 19:52:41 GMT" time="330.392" errors="0">
  <testcase name="do_BreadBoxAndGridFilters on [BreadBoxAndGridFilters passed=0 failed=0 skipped=0]" time="330.309" classname="test.BreadBoxAndGridFilters">
    <failure type="java.lang.AssertionError" message="Test case BreadBoxAndGridFilters has failed due to one of its steps not returning pass status expected [true] but found [false]">
      <![CDATA[java.lang.AssertionError: Test case BreadBoxAndGridFilters has failed due to one of its steps not returning pass status expected [true] but found [false]
	at com.hsn.util.KeywordExecutor.ExecuteKeywords(KeywordExecutor.java:152)
	at test.BreadBoxAndGridFilters.do_BreadBoxAndGridFilters(BreadBoxAndGridFilters.java:38)
... Removed 26 stack frames]]>
    </failure>
  </testcase> <!-- do_BreadBoxAndGridFilters on [BreadBoxAndGridFilters passed=0 failed=0 skipped=0] -->
</testsuite> <!-- calling BreadBoxAndGridFilters -->
