<?xml version="1.0" encoding="UTF-8"?>
<!-- Generated by org.testng.reporters.JUnitXMLReporter -->
<testsuite hostname="WS0122985" name="calling SpreadTheWord" tests="1" failures="1" timestamp="20 Nov 2014 01:47:24 GMT" time="448.89" errors="0">
  <testcase name="do_SpreadTheWord on [SpreadTheWord passed=0 failed=0 skipped=0]" time="448.797" classname="test.SpreadTheWord">
    <failure type="java.lang.AssertionError" message="Test case SpreadTheWord has failed due to one of its steps not returning pass status expected [true] but found [false]">
      <![CDATA[java.lang.AssertionError: Test case SpreadTheWord has failed due to one of its steps not returning pass status expected [true] but found [false]
	at com.hsn.util.KeywordExecutor.ExecuteKeywords(KeywordExecutor.java:152)
	at test.SpreadTheWord.do_SpreadTheWord(SpreadTheWord.java:38)
... Removed 26 stack frames]]>
    </failure>
  </testcase> <!-- do_SpreadTheWord on [SpreadTheWord passed=0 failed=0 skipped=0] -->
</testsuite> <!-- calling SpreadTheWord -->
