<?xml version="1.0" encoding="UTF-8"?>
<!-- Generated by org.testng.reporters.JUnitReportReporter -->
<testsuite hostname="WS0122779" name="test.OrderReveiwEditPaymentmethod" tests="2" failures="1" timestamp="4 Nov 2013 14:14:36 GMT" time="254.642" errors="0">
  <testcase name="do_OrderReveiwEditPaymentmethod" time="0.041" classname="test.OrderReveiwEditPaymentmethod">
    <failure type="org.testng.SkipException" message="skipping test case row : LaunchSite since the Runmode for test data is N">
      <![CDATA[org.testng.SkipException: skipping test case row : LaunchSite since the Runmode for test data is N
	at com.hsn.util.KeywordExecutor.ExecuteKeywords(KeywordExecutor.java:79)
	at test.OrderReveiwEditPaymentmethod.do_OrderReveiwEditPaymentmethod(OrderReveiwEditPaymentmethod.java:47)
	at sun.reflect.NativeMethodAccessorImpl.invoke0(Native Method)
	at sun.reflect.NativeMethodAccessorImpl.invoke(NativeMethodAccessorImpl.java:57)
	at sun.reflect.DelegatingMethodAccessorImpl.invoke(DelegatingMethodAccessorImpl.java:43)
	at java.lang.reflect.Method.invoke(Method.java:606)
	at org.testng.internal.MethodInvocationHelper.invokeMethod(MethodInvocationHelper.java:80)
	at org.testng.internal.Invoker.invokeMethod(Invoker.java:714)
	at org.testng.internal.Invoker.invokeTestMethod(Invoker.java:901)
	at org.testng.internal.Invoker.invokeTestMethods(Invoker.java:1231)
	at org.testng.internal.TestMethodWorker.invokeTestMethods(TestMethodWorker.java:127)
	at org.testng.internal.TestMethodWorker.run(TestMethodWorker.java:111)
	at org.testng.TestRunner.privateRun(TestRunner.java:767)
	at org.testng.TestRunner.run(TestRunner.java:617)
	at org.testng.SuiteRunner.runTest(SuiteRunner.java:334)
	at org.testng.SuiteRunner.runSequentially(SuiteRunner.java:329)
	at org.testng.SuiteRunner.privateRun(SuiteRunner.java:291)
	at org.testng.SuiteRunner.run(SuiteRunner.java:240)
	at org.testng.SuiteRunnerWorker.runSuite(SuiteRunnerWorker.java:52)
	at org.testng.SuiteRunnerWorker.run(SuiteRunnerWorker.java:86)
	at org.testng.TestNG.runSuitesSequentially(TestNG.java:1198)
	at org.testng.TestNG.runSuitesLocally(TestNG.java:1123)
	at org.testng.TestNG.run(TestNG.java:1031)
	at org.testng.TestNG.privateMain(TestNG.java:1338)
	at org.testng.TestNG.main(TestNG.java:1307)
]]>
    </failure>
  </testcase> <!-- do_OrderReveiwEditPaymentmethod -->
  <testcase name="do_OrderReveiwEditPaymentmethod" time="254.601" classname="test.OrderReveiwEditPaymentmethod"/>
</testsuite> <!-- test.OrderReveiwEditPaymentmethod -->
